Build started 2015-12-02 22:10:24.
     1>Project "p:\GitHub\AdventCode\Solution\AdventCode\AdventCode.vcxproj" on node 2 (Build target(s)).
     1>C:\Program Files (x86)\MSBuild\Microsoft.Cpp\v4.0\V120\Microsoft.CppBuild.targets(363,5): warning MSB8004: Intermediate Directory does not end with a trailing slash.  This build instance will add the slash as it is required to allow proper evaluation of the Intermediate Directory.
     1>C:\Program Files (x86)\MSBuild\Microsoft.Cpp\v4.0\V120\Microsoft.CppBuild.targets(364,5): warning MSB8004: Output Directory does not end with a trailing slash.  This build instance will add the slash as it is required to allow proper evaluation of the Output Directory.
     1>ClCompile:
         P:\Dev\Programs\Visual Studio 2013\VC\bin\CL.exe /c /ZI /nologo /W3 /WX- /sdl /Od /Oy- /D _MBCS /Gm /EHsc /RTC1 /MDd /GS /fp:precise /Zc:wchar_t /Zc:forScope /Yc"stdafx.h" /Fp"P:\GitHub\AdventCode\Solution\..\temp\Debug\AdventCode_Debug.pch" /Fo"P:\GitHub\AdventCode\Solution\..\temp\Debug\\" /Fd"P:\GitHub\AdventCode\Solution\..\temp\Debug\vc120.pdb" /Gd /TP /analyze- /errorReport:prompt main.cpp
         main.cpp
     1>p:\github\adventcode\solution\adventcode\main.cpp(18): warning C4018: '<' : signed/unsigned mismatch
     1>p:\github\adventcode\solution\adventcode\main.cpp(33): warning C4018: '<' : signed/unsigned mismatch
     1>p:\github\adventcode\solution\adventcode\main.cpp(53): warning C4244: 'initializing' : conversion from 'const float' to 'int', possible loss of data
     1>p:\github\adventcode\solution\adventcode\main.cpp(54): warning C4244: 'initializing' : conversion from 'const float' to 'int', possible loss of data
     1>p:\github\adventcode\solution\adventcode\main.cpp(55): warning C4244: 'initializing' : conversion from 'const float' to 'int', possible loss of data
     1>p:\github\adventcode\solution\adventcode\main.cpp(68): warning C4244: 'initializing' : conversion from 'const float' to 'int', possible loss of data
     1>p:\github\adventcode\solution\adventcode\main.cpp(72): warning C4244: '=' : conversion from 'const float' to 'int', possible loss of data
     1>p:\github\adventcode\solution\adventcode\main.cpp(73): warning C4244: '=' : conversion from 'const float' to 'int', possible loss of data
     1>p:\github\adventcode\solution\adventcode\main.cpp(74): warning C4244: '=' : conversion from 'const float' to 'int', possible loss of data
     1>p:\github\adventcode\solution\adventcode\main.cpp(78): warning C4244: '=' : conversion from 'const float' to 'int', possible loss of data
     1>p:\github\adventcode\solution\adventcode\main.cpp(79): warning C4244: '=' : conversion from 'const float' to 'int', possible loss of data
     1>p:\github\adventcode\solution\adventcode\main.cpp(80): warning C4244: '=' : conversion from 'const float' to 'int', possible loss of data
     1>p:\github\adventcode\solution\adventcode\main.cpp(84): warning C4244: '=' : conversion from 'const float' to 'int', possible loss of data
     1>p:\github\adventcode\solution\adventcode\main.cpp(85): warning C4244: '=' : conversion from 'const float' to 'int', possible loss of data
     1>p:\github\adventcode\solution\adventcode\main.cpp(86): warning C4244: '=' : conversion from 'const float' to 'int', possible loss of data
       Link:
         P:\Dev\Programs\Visual Studio 2013\VC\bin\link.exe /ERRORREPORT:PROMPT /OUT:"P:\GitHub\AdventCode\Solution\..\Workebed\AdventCode_Debug.exe" /INCREMENTAL /NOLOGO kernel32.lib user32.lib gdi32.lib winspool.lib comdlg32.lib advapi32.lib shell32.lib ole32.lib oleaut32.lib uuid.lib odbc32.lib odbccp32.lib /MANIFEST /MANIFESTUAC:"level='asInvoker' uiAccess='false'" /manifest:embed /DEBUG /PDB:"P:\GitHub\AdventCode\Solution\..\Workebed\AdventCode_Debug.pdb" /TLBID:1 /DYNAMICBASE /NXCOMPAT /IMPLIB:"P:\GitHub\AdventCode\Solution\..\Workebed\AdventCode_Debug.lib" /MACHINE:X86 P:\GitHub\AdventCode\Solution\..\temp\Debug\CommonHelper.obj
         P:\GitHub\AdventCode\Solution\..\temp\Debug\FileReader.obj
         P:\GitHub\AdventCode\Solution\..\temp\Debug\main.obj
         P:\GitHub\AdventCode\Solution\..\temp\Debug\stdafx.obj
         AdventCode.vcxproj -> P:\GitHub\AdventCode\Solution\..\Workebed\AdventCode_Debug.exe
     1>Done Building Project "p:\GitHub\AdventCode\Solution\AdventCode\AdventCode.vcxproj" (Build target(s)).

Build succeeded.

Time Elapsed 00:00:01.13
